/docker-entrypoint.sh: /docker-entrypoint.d/ is not empty, will attempt to perform configuration
/docker-entrypoint.sh: Looking for shell scripts in /docker-entrypoint.d/
/docker-entrypoint.sh: Launching /docker-entrypoint.d/20-envsubst-on-templates.sh
/docker-entrypoint.sh: Configuration complete; ready for start up
context canceled
/docker-entrypoint.sh: /docker-entrypoint.d/ is not empty, will attempt to perform configuration
/docker-entrypoint.sh: Looking for shell scripts in /docker-entrypoint.d/
/docker-entrypoint.sh: Launching /docker-entrypoint.d/20-envsubst-on-templates.sh
/docker-entrypoint.sh: Configuration complete; ready for start up
context canceled
Unable to find image 'nginx:latest' locally
latest: Pulling from library/nginx
a480a496ba95: Pulling fs layer
f3ace1b8ce45: Pulling fs layer
11d6fdd0e8a7: Pulling fs layer
f1091da6fd5c: Pulling fs layer
40eea07b53d8: Pulling fs layer
6476794e50f4: Pulling fs layer
70850b3ec6b2: Pulling fs layer
f1091da6fd5c: Waiting
40eea07b53d8: Waiting
6476794e50f4: Waiting
70850b3ec6b2: Waiting
11d6fdd0e8a7: Verifying Checksum
11d6fdd0e8a7: Download complete
a480a496ba95: Verifying Checksum
a480a496ba95: Download complete
f1091da6fd5c: Verifying Checksum
f1091da6fd5c: Download complete
f3ace1b8ce45: Verifying Checksum
f3ace1b8ce45: Download complete
40eea07b53d8: Verifying Checksum
40eea07b53d8: Download complete
6476794e50f4: Verifying Checksum
6476794e50f4: Download complete
70850b3ec6b2: Verifying Checksum
70850b3ec6b2: Download complete
a480a496ba95: Pull complete
f3ace1b8ce45: Pull complete
11d6fdd0e8a7: Pull complete
f1091da6fd5c: Pull complete
40eea07b53d8: Pull complete
6476794e50f4: Pull complete
70850b3ec6b2: Pull complete
Digest: sha256:28402db69fec7c17e179ea87882667f1e054391138f77ffaf0c3eb388efc3ffb
Status: Downloaded newer image for nginx:latest
/docker-entrypoint.sh: /docker-entrypoint.d/ is not empty, will attempt to perform configuration
/docker-entrypoint.sh: Looking for shell scripts in /docker-entrypoint.d/
/docker-entrypoint.sh: Launching /docker-entrypoint.d/10-listen-on-ipv6-by-default.sh
10-listen-on-ipv6-by-default.sh: info: Getting the checksum of /etc/nginx/conf.d/default.conf
10-listen-on-ipv6-by-default.sh: info: Enabled listen on IPv6 in /etc/nginx/conf.d/default.conf
/docker-entrypoint.sh: Sourcing /docker-entrypoint.d/15-local-resolvers.envsh
/docker-entrypoint.sh: Launching /docker-entrypoint.d/20-envsubst-on-templates.sh
/docker-entrypoint.sh: Launching /docker-entrypoint.d/30-tune-worker-processes.sh
/docker-entrypoint.sh: Configuration complete; ready for start up
2024/10/31 11:46:30 [notice] 1#1: using the "epoll" event method
2024/10/31 11:46:30 [notice] 1#1: nginx/1.27.2
2024/10/31 11:46:30 [notice] 1#1: built by gcc 12.2.0 (Debian 12.2.0-14) 
2024/10/31 11:46:30 [notice] 1#1: OS: Linux 6.5.0-1025-azure
2024/10/31 11:46:30 [notice] 1#1: getrlimit(RLIMIT_NOFILE): 1048576:1048576
2024/10/31 11:46:30 [notice] 1#1: start worker processes
2024/10/31 11:46:30 [notice] 1#1: start worker process 29
2024/10/31 11:46:30 [notice] 1#1: start worker process 30
/docker-entrypoint.sh: /docker-entrypoint.d/ is not empty, will attempt to perform configuration
/docker-entrypoint.sh: Looking for shell scripts in /docker-entrypoint.d/
/docker-entrypoint.sh: Launching /docker-entrypoint.d/20-envsubst-on-templates.sh
/docker-entrypoint.sh: Configuration complete; ready for start up
2024/10/31 11:47:08 [notice] 1#1: signal 3 (SIGQUIT) received, shutting down
2024/10/31 11:47:08 [notice] 30#30: gracefully shutting down
2024/10/31 11:47:08 [notice] 30#30: exiting
2024/10/31 11:47:08 [notice] 30#30: exit
2024/10/31 11:47:08 [notice] 29#29: gracefully shutting down
2024/10/31 11:47:08 [notice] 29#29: exiting
2024/10/31 11:47:08 [notice] 29#29: exit
2024/10/31 11:47:08 [notice] 1#1: signal 17 (SIGCHLD) received from 30
2024/10/31 11:47:08 [notice] 1#1: worker process 29 exited with code 0
2024/10/31 11:47:08 [notice] 1#1: worker process 30 exited with code 0
2024/10/31 11:47:08 [notice] 1#1: exit
d3e3b249ceb5784578e40f69c667675749074e8705133435377da52db625ceec
